<<<<<<< HEAD
=======
::1 - - [13/Mar/2025:10:40:48 +0000] "POST /api/v1/add-ons HTTP/1.1" 500 789 "-" "PostmanRuntime/7.43.0"
::1 - - [13/Mar/2025:10:40:58 +0000] "POST /api/v1/add-ons HTTP/1.1" 500 465 "-" "PostmanRuntime/7.43.0"
::1 - - [13/Mar/2025:10:41:01 +0000] "POST /api/v1/add-ons HTTP/1.1" 200 38 "-" "PostmanRuntime/7.43.0"
::1 - - [13/Mar/2025:10:41:04 +0000] "POST /api/v1/add-ons HTTP/1.1" 200 38 "-" "PostmanRuntime/7.43.0"
::1 - - [13/Mar/2025:10:41:05 +0000] "POST /api/v1/add-ons HTTP/1.1" 200 38 "-" "PostmanRuntime/7.43.0"
::1 - - [13/Mar/2025:10:41:06 +0000] "POST /api/v1/add-ons HTTP/1.1" 200 38 "-" "PostmanRuntime/7.43.0"
::1 - - [13/Mar/2025:10:41:08 +0000] "GET /api/v1/add-ons/2 HTTP/1.1" 200 207 "-" "PostmanRuntime/7.43.0"
::1 - - [13/Mar/2025:10:43:05 +0000] "POST /api/v1/add-ons HTTP/1.1" 500 460 "-" "PostmanRuntime/7.43.0"
::1 - - [13/Mar/2025:10:43:17 +0000] "POST /api/v1/add-ons HTTP/1.1" 200 38 "-" "PostmanRuntime/7.43.0"
::1 - - [13/Mar/2025:10:43:20 +0000] "POST /api/v1/add-ons HTTP/1.1" 200 38 "-" "PostmanRuntime/7.43.0"
::1 - - [13/Mar/2025:10:43:22 +0000] "POST /api/v1/add-ons HTTP/1.1" 200 38 "-" "PostmanRuntime/7.43.0"
::1 - - [13/Mar/2025:10:43:23 +0000] "POST /api/v1/add-ons HTTP/1.1" 200 38 "-" "PostmanRuntime/7.43.0"
::1 - - [13/Mar/2025:10:43:26 +0000] "GET /api/v1/add-ons/2 HTTP/1.1" 200 395 "-" "PostmanRuntime/7.43.0"
::1 - - [13/Mar/2025:10:43:34 +0000] "GET /api/v1/add-ons/1 HTTP/1.1" 200 395 "-" "PostmanRuntime/7.43.0"
::1 - - [13/Mar/2025:10:43:40 +0000] "GET /api/v1/add-ons/2 HTTP/1.1" 200 395 "-" "PostmanRuntime/7.43.0"
::1 - - [13/Mar/2025:10:43:42 +0000] "GET /api/v1/add-ons/3 HTTP/1.1" 200 395 "-" "PostmanRuntime/7.43.0"
::1 - - [13/Mar/2025:10:43:43 +0000] "GET /api/v1/add-ons/5 HTTP/1.1" 200 26 "-" "PostmanRuntime/7.43.0"
::1 - - [13/Mar/2025:10:43:45 +0000] "GET /api/v1/add-ons/4 HTTP/1.1" 200 395 "-" "PostmanRuntime/7.43.0"
::1 - - [13/Mar/2025:10:44:18 +0000] "PUT /api/v1/add-ons/4 HTTP/1.1" 200 45 "-" "PostmanRuntime/7.43.0"
::1 - - [13/Mar/2025:10:44:20 +0000] "GET /api/v1/add-ons HTTP/1.1" 200 699 "-" "PostmanRuntime/7.43.0"
::1 - - [13/Mar/2025:10:48:17 +0000] "POST /api/v1/variant HTTP/1.1" 200 38 "-" "PostmanRuntime/7.43.0"
::1 - - [13/Mar/2025:10:49:16 +0000] "POST /api/v1/variant HTTP/1.1" 200 38 "-" "PostmanRuntime/7.43.0"
::1 - - [13/Mar/2025:10:49:23 +0000] "POST /api/v1/variant HTTP/1.1" 200 38 "-" "PostmanRuntime/7.43.0"
::1 - - [13/Mar/2025:10:49:25 +0000] "POST /api/v1/variant HTTP/1.1" 200 38 "-" "PostmanRuntime/7.43.0"
::1 - - [13/Mar/2025:10:49:26 +0000] "POST /api/v1/variant HTTP/1.1" 200 38 "-" "PostmanRuntime/7.43.0"
::1 - - [13/Mar/2025:10:49:27 +0000] "POST /api/v1/variant HTTP/1.1" 200 38 "-" "PostmanRuntime/7.43.0"
::1 - - [13/Mar/2025:10:49:40 +0000] "GET /api/v1/variant HTTP/1.1" 400 92 "-" "PostmanRuntime/7.43.0"
::1 - - [13/Mar/2025:10:49:52 +0000] "GET /api/v1/variant HTTP/1.1" 200 766 "-" "PostmanRuntime/7.43.0"
::1 - - [13/Mar/2025:10:50:10 +0000] "PUT /api/v1/variant/4 HTTP/1.1" 200 45 "-" "PostmanRuntime/7.43.0"
::1 - - [13/Mar/2025:10:50:29 +0000] "PUT /api/v1/variant/4 HTTP/1.1" 200 45 "-" "PostmanRuntime/7.43.0"
::1 - - [13/Mar/2025:10:50:51 +0000] "PUT /api/v1/variant/1 HTTP/1.1" 200 45 "-" "PostmanRuntime/7.43.0"
::1 - - [13/Mar/2025:10:51:05 +0000] "DELETE /api/v1/variant/1 HTTP/1.1" 200 55 "-" "PostmanRuntime/7.43.0"
::1 - - [13/Mar/2025:10:51:25 +0000] "DELETE /api/v1/variant/1 HTTP/1.1" 404 146 "-" "PostmanRuntime/7.43.0"
::1 - - [13/Mar/2025:10:51:36 +0000] "GET /api/v1/variant/4 HTTP/1.1" 200 380 "-" "PostmanRuntime/7.43.0"
>>>>>>> b1910deb116168a93e59fa7333290e4d27bb6a47
::1 - - [13/Mar/2025:14:32:15 +0000] "POST /api/v1/user/signin HTTP/1.1" 400 95 "-" "PostmanRuntime/7.43.0"
::1 - - [13/Mar/2025:14:32:21 +0000] "POST /api/v1/user/signup HTTP/1.1" 200 446 "-" "PostmanRuntime/7.43.0"
::1 - - [13/Mar/2025:14:32:26 +0000] "POST /api/v1/user/signin HTTP/1.1" 400 95 "-" "PostmanRuntime/7.43.0"
::1 - - [13/Mar/2025:14:32:36 +0000] "POST /api/v1/user/signin HTTP/1.1" 200 520 "-" "PostmanRuntime/7.43.0"
::1 - - [13/Mar/2025:14:32:41 +0000] "POST /api/v1/department HTTP/1.1" 200 38 "-" "PostmanRuntime/7.43.0"
::1 - - [13/Mar/2025:14:32:45 +0000] "GET /api/v1/department/2 HTTP/1.1" 200 26 "-" "PostmanRuntime/7.43.0"
::1 - - [13/Mar/2025:14:32:48 +0000] "DELETE /api/v1/department/1 HTTP/1.1" 200 56 "-" "PostmanRuntime/7.43.0"
::1 - - [13/Mar/2025:14:32:56 +0000] "GET /api/v1/department HTTP/1.1" 200 97 "-" "PostmanRuntime/7.43.0"
::1 - - [13/Mar/2025:14:33:01 +0000] "POST /api/v1/department HTTP/1.1" 200 38 "-" "PostmanRuntime/7.43.0"
::1 - - [13/Mar/2025:14:33:05 +0000] "GET /api/v1/department HTTP/1.1" 200 446 "-" "PostmanRuntime/7.43.0"
::1 - - [13/Mar/2025:14:33:11 +0000] "PUT /api/v1/department/2 HTTP/1.1" 200 45 "-" "PostmanRuntime/7.43.0"
::1 - - [13/Mar/2025:14:33:13 +0000] "GET /api/v1/department HTTP/1.1" 200 447 "-" "PostmanRuntime/7.43.0"
::1 - - [13/Mar/2025:14:33:24 +0000] "POST /api/v1/menu HTTP/1.1" 200 38 "-" "PostmanRuntime/7.43.0"
::1 - - [13/Mar/2025:14:33:27 +0000] "POST /api/v1/menu HTTP/1.1" 200 38 "-" "PostmanRuntime/7.43.0"
::1 - - [13/Mar/2025:14:33:32 +0000] "GET /api/v1/department/2 HTTP/1.1" 200 658 "-" "PostmanRuntime/7.43.0"
::1 - - [13/Mar/2025:14:33:39 +0000] "GET /api/v1/menu/3 HTTP/1.1" 200 26 "-" "PostmanRuntime/7.43.0"
::1 - - [13/Mar/2025:14:33:42 +0000] "GET /api/v1/menu HTTP/1.1" 200 372 "-" "PostmanRuntime/7.43.0"
::1 - - [13/Mar/2025:14:33:46 +0000] "GET /api/v1/menu/1 HTTP/1.1" 200 539 "-" "PostmanRuntime/7.43.0"
::1 - - [13/Mar/2025:14:33:58 +0000] "POST /api/v1/category HTTP/1.1" 500 1551 "-" "PostmanRuntime/7.43.0"
::1 - - [13/Mar/2025:14:34:08 +0000] "POST /api/v1/category HTTP/1.1" 200 38 "-" "PostmanRuntime/7.43.0"
::1 - - [13/Mar/2025:14:34:10 +0000] "POST /api/v1/category HTTP/1.1" 200 38 "-" "PostmanRuntime/7.43.0"
::1 - - [13/Mar/2025:14:34:14 +0000] "POST /api/v1/category HTTP/1.1" 200 38 "-" "PostmanRuntime/7.43.0"
::1 - - [13/Mar/2025:14:34:18 +0000] "GET /api/v1/category HTTP/1.1" 200 600 "-" "PostmanRuntime/7.43.0"
::1 - - [13/Mar/2025:14:34:23 +0000] "GET /api/v1/category/1 HTTP/1.1" 200 26 "-" "PostmanRuntime/7.43.0"
::1 - - [13/Mar/2025:14:34:26 +0000] "GET /api/v1/category/2 HTTP/1.1" 200 350 "-" "PostmanRuntime/7.43.0"
::1 - - [13/Mar/2025:14:34:38 +0000] "POST /api/v1/item HTTP/1.1" 200 38 "-" "PostmanRuntime/7.43.0"
::1 - - [13/Mar/2025:14:34:44 +0000] "GET /api/v1/item HTTP/1.1" 200 308 "-" "PostmanRuntime/7.43.0"
::1 - - [13/Mar/2025:14:34:51 +0000] "GET /api/v1/item/1 HTTP/1.1" 200 444 "-" "PostmanRuntime/7.43.0"
::1 - - [13/Mar/2025:14:34:59 +0000] "POST /api/v1/add-ons HTTP/1.1" 500 1580 "-" "PostmanRuntime/7.43.0"
::1 - - [13/Mar/2025:14:35:05 +0000] "POST /api/v1/add-ons HTTP/1.1" 200 38 "-" "PostmanRuntime/7.43.0"
::1 - - [13/Mar/2025:14:35:13 +0000] "POST /api/v1/variant HTTP/1.1" 200 38 "-" "PostmanRuntime/7.43.0"
