::1 - - [12/Mar/2025:06:16:58 +0000] "GET /api/v1/user HTTP/1.1" 401 252 "-" "PostmanRuntime/7.43.0"
::1 - - [12/Mar/2025:06:25:08 +0000] "POST /api/v1/user/signup HTTP/1.1" 500 63 "-" "PostmanRuntime/7.43.0"
::1 - - [12/Mar/2025:17:28:04 +0000] "POST /api/v1/user/signup HTTP/1.1" 500 1619 "-" "PostmanRuntime/7.43.0"
::1 - - [12/Mar/2025:17:29:07 +0000] "POST /api/v1/user/signup HTTP/1.1" 500 63 "-" "PostmanRuntime/7.43.0"
::1 - - [12/Mar/2025:17:30:31 +0000] "POST /api/v1/user/signup HTTP/1.1" 500 63 "-" "PostmanRuntime/7.43.0"
::1 - - [12/Mar/2025:17:31:44 +0000] "POST /api/v1/user/signup HTTP/1.1" 500 63 "-" "PostmanRuntime/7.43.0"
::1 - - [12/Mar/2025:17:48:55 +0000] "POST /api/v1/user/signup HTTP/1.1" 500 1619 "-" "PostmanRuntime/7.43.0"
::1 - - [12/Mar/2025:17:49:05 +0000] "POST /api/v1/user/signup HTTP/1.1" 200 429 "-" "PostmanRuntime/7.43.0"
::1 - - [12/Mar/2025:17:53:50 +0000] "POST /api/v1/user/signup HTTP/1.1" 200 446 "-" "PostmanRuntime/7.43.0"
::1 - - [12/Mar/2025:17:54:27 +0000] "POST /api/v1/user/signup HTTP/1.1" 200 429 "-" "PostmanRuntime/7.43.0"
::1 - - [13/Mar/2025:03:10:38 +0000] "POST /api/v1/user/signin HTTP/1.1" 400 95 "-" "PostmanRuntime/7.43.0"
::1 - - [13/Mar/2025:03:10:55 +0000] "POST /api/v1/user/signup HTTP/1.1" 200 446 "-" "PostmanRuntime/7.43.0"
::1 - - [13/Mar/2025:03:10:59 +0000] "POST /api/v1/user/signin HTTP/1.1" 400 95 "-" "PostmanRuntime/7.43.0"
::1 - - [13/Mar/2025:03:11:05 +0000] "POST /api/v1/user/signin HTTP/1.1" 200 511 "-" "PostmanRuntime/7.43.0"
::1 - - [13/Mar/2025:03:11:49 +0000] "GET /api/v1/user/info HTTP/1.1" 200 338 "-" "PostmanRuntime/7.43.0"
::1 - - [13/Mar/2025:03:17:15 +0000] "PUT /api/v1/user/forgot-password HTTP/1.1" 200 98 "-" "PostmanRuntime/7.43.0"
::1 - - [13/Mar/2025:03:17:43 +0000] "POST /api/v1/user/signin HTTP/1.1" 400 95 "-" "PostmanRuntime/7.43.0"
::1 - - [13/Mar/2025:03:17:45 +0000] "POST /api/v1/user/signin HTTP/1.1" 200 511 "-" "PostmanRuntime/7.43.0"
::1 - - [13/Mar/2025:03:18:51 +0000] "PUT /api/v1/user/change-password HTTP/1.1" 200 61 "-" "PostmanRuntime/7.43.0"
::1 - - [13/Mar/2025:03:19:22 +0000] "PUT /api/v1/user/change-password HTTP/1.1" 200 76 "-" "PostmanRuntime/7.43.0"
::1 - - [13/Mar/2025:03:20:03 +0000] "PUT /api/v1/user/forgot-password HTTP/1.1" 200 96 "-" "PostmanRuntime/7.43.0"
::1 - - [13/Mar/2025:03:21:35 +0000] "PUT /api/v1/user/change-password HTTP/1.1" 200 76 "-" "PostmanRuntime/7.43.0"
::1 - - [13/Mar/2025:03:22:04 +0000] "PUT /api/v1/user/change-password HTTP/1.1" 200 76 "-" "PostmanRuntime/7.43.0"
::1 - - [13/Mar/2025:03:22:17 +0000] "PUT /api/v1/user/change-password HTTP/1.1" 200 76 "-" "PostmanRuntime/7.43.0"
::1 - - [13/Mar/2025:03:24:34 +0000] "PUT /api/v1/user/change-password HTTP/1.1" 200 76 "-" "PostmanRuntime/7.43.0"
::1 - - [13/Mar/2025:03:26:20 +0000] "PUT /api/v1/user/change-password HTTP/1.1" 200 76 "-" "PostmanRuntime/7.43.0"
::1 - - [13/Mar/2025:03:26:43 +0000] "PUT /api/v1/user/change-password HTTP/1.1" 200 76 "-" "PostmanRuntime/7.43.0"
::1 - - [13/Mar/2025:03:27:12 +0000] "POST /api/v1/user/signin HTTP/1.1" 400 95 "-" "PostmanRuntime/7.43.0"
::1 - - [13/Mar/2025:03:27:16 +0000] "POST /api/v1/user/signin HTTP/1.1" 200 511 "-" "PostmanRuntime/7.43.0"
::1 - - [13/Mar/2025:03:28:44 +0000] "POST /api/v1/user/signin HTTP/1.1" 200 511 "-" "PostmanRuntime/7.43.0"
::1 - - [13/Mar/2025:03:28:47 +0000] "PUT /api/v1/user/change-password HTTP/1.1" 200 104 "-" "PostmanRuntime/7.43.0"
::1 - - [13/Mar/2025:03:55:44 +0000] "POST /api/v1/department HTTP/1.1" 401 252 "-" "PostmanRuntime/7.43.0"
::1 - - [13/Mar/2025:03:55:49 +0000] "POST /api/v1/department HTTP/1.1" 401 252 "-" "PostmanRuntime/7.43.0"
::1 - - [13/Mar/2025:03:55:56 +0000] "POST /api/v1/department HTTP/1.1" 500 466 "-" "PostmanRuntime/7.43.0"
::1 - - [13/Mar/2025:03:56:11 +0000] "POST /api/v1/department HTTP/1.1" 200 38 "-" "PostmanRuntime/7.43.0"
::1 - - [13/Mar/2025:03:59:53 +0000] "GET /api/v1/department/1 HTTP/1.1" 404 158 "-" "PostmanRuntime/7.43.0"
::1 - - [13/Mar/2025:04:00:11 +0000] "GET /api/v1/department/1 HTTP/1.1" 401 252 "-" "PostmanRuntime/7.43.0"
::1 - - [13/Mar/2025:04:00:16 +0000] "GET /api/v1/department/1 HTTP/1.1" 400 92 "-" "PostmanRuntime/7.43.0"
::1 - - [13/Mar/2025:04:00:51 +0000] "GET /api/v1/department/1 HTTP/1.1" 400 92 "-" "PostmanRuntime/7.43.0"
::1 - - [13/Mar/2025:04:01:51 +0000] "GET /api/v1/department/1 HTTP/1.1" 200 386 "-" "PostmanRuntime/7.43.0"
::1 - - [13/Mar/2025:04:05:49 +0000] "POST /api/v1/user/signup HTTP/1.1" 200 446 "-" "PostmanRuntime/7.43.0"
::1 - - [13/Mar/2025:04:05:52 +0000] "POST /api/v1/department HTTP/1.1" 200 38 "-" "PostmanRuntime/7.43.0"
::1 - - [13/Mar/2025:04:05:57 +0000] "GET /api/v1/department/1 HTTP/1.1" 200 371 "-" "PostmanRuntime/7.43.0"
::1 - - [13/Mar/2025:04:07:03 +0000] "GET /api/v1/department/1 HTTP/1.1" 500 84 "-" "PostmanRuntime/7.43.0"
::1 - - [13/Mar/2025:04:08:01 +0000] "GET /api/v1/department/1 HTTP/1.1" 200 382 "-" "PostmanRuntime/7.43.0"
::1 - - [13/Mar/2025:04:09:14 +0000] "GET /api/v1/department/1 HTTP/1.1" 200 497 "-" "PostmanRuntime/7.43.0"
::1 - - [13/Mar/2025:04:11:11 +0000] "GET /api/v1/department/1 HTTP/1.1" 200 497 "-" "PostmanRuntime/7.43.0"
::1 - - [13/Mar/2025:04:11:28 +0000] "GET /api/v1/department HTTP/1.1" 200 446 "-" "PostmanRuntime/7.43.0"
::1 - - [13/Mar/2025:04:19:32 +0000] "PUT /api/v1/department/1 HTTP/1.1" 401 131 "-" "PostmanRuntime/7.43.0"
::1 - - [13/Mar/2025:04:20:43 +0000] "PUT /api/v1/department/1 HTTP/1.1" 401 131 "-" "PostmanRuntime/7.43.0"
::1 - - [13/Mar/2025:04:21:10 +0000] "PUT /api/v1/department/1 HTTP/1.1" 200 378 "-" "PostmanRuntime/7.43.0"
::1 - - [13/Mar/2025:04:21:19 +0000] "PUT /api/v1/department/1 HTTP/1.1" 200 378 "-" "PostmanRuntime/7.43.0"
::1 - - [13/Mar/2025:04:21:22 +0000] "PUT /api/v1/department/1 HTTP/1.1" 200 378 "-" "PostmanRuntime/7.43.0"
::1 - - [13/Mar/2025:04:21:26 +0000] "PUT /api/v1/department/1 HTTP/1.1" 200 378 "-" "PostmanRuntime/7.43.0"
::1 - - [13/Mar/2025:04:21:28 +0000] "PUT /api/v1/department/1 HTTP/1.1" 200 378 "-" "PostmanRuntime/7.43.0"
::1 - - [13/Mar/2025:04:22:05 +0000] "GET /api/v1/department HTTP/1.1" 200 446 "-" "PostmanRuntime/7.43.0"
::1 - - [13/Mar/2025:04:26:38 +0000] "DELETE /api/v1/department HTTP/1.1" 404 159 "-" "PostmanRuntime/7.43.0"
::1 - - [13/Mar/2025:04:26:57 +0000] "DELETE /api/v1/department HTTP/1.1" 404 159 "-" "PostmanRuntime/7.43.0"
::1 - - [13/Mar/2025:04:27:09 +0000] "DELETE /api/v1/department/1 HTTP/1.1" 401 252 "-" "PostmanRuntime/7.43.0"
::1 - - [13/Mar/2025:04:27:13 +0000] "DELETE /api/v1/department/1 HTTP/1.1" 200 56 "-" "PostmanRuntime/7.43.0"
